
                         MODELLER 9v3, 2008/02/01, r5971

     PROTEIN STRUCTURE MODELLING BY SATISFACTION OF SPATIAL RESTRAINTS


                     Copyright(c) 1989-2008 Andrej Sali
                            All Rights Reserved

                             Written by A. Sali
                               with help from
           B. Webb, M.S. Madhusudhan, M-Y. Shen, M.A. Marti-Renom,
                N. Eswar, F. Alber, M. Topf, B. Oliva, A. Fiser,
                    R. Sanchez, B. Yerkovich, A. Badretdinov,
                      F. Melo, J.P. Overington, E. Feyfant
                 University of California, San Francisco, USA
                    Rockefeller University, New York, USA
                      Harvard University, Cambridge, USA
                   Imperial Cancer Research Fund, London, UK
              Birkbeck College, University of London, London, UK


Kind, OS, HostName, Kernel, Processor: 4, Linux synth.ucsf.edu 2.6.24.3-34.fc8 i686
Date and time of compilation         : 2008/02/01 20:41:25
MODELLER executable type             : i386-intel8
Job starting time (YY/MM/DD HH:MM:SS): 2008/03/25 11:54:14

fndatmi_285W> Only      317 residues out of      318 contain atoms of type  CA
              (This is usually caused by non-standard residues, such
              as ligands, or by PDB files with missing atoms.)

check_ali___> Checking the sequence-structure alignment. 

Implied target CA(i)-CA(i+1) distances longer than  8.0 angstroms:

ALN_POS  TMPL  RID1  RID2  NAM1  NAM2     DIST
----------------------------------------------
END OF TABLE
read_to_681_> topology.submodel read from topology file:        3

getf_______W> RTF restraint not found in the atoms list:
              residue type, indices:     6   335
              atom names           : C     +N
              atom indices         :  2603     0

getf_______W> RTF restraint not found in the atoms list:
              residue type, indices:     6   335
              atom names           : C     CA    +N    O
              atom indices         :  2603  2602     0  2604


fndatmi_285W> Only      317 residues out of      318 contain atoms of type  CA
              (This is usually caused by non-standard residues, such
              as ligands, or by PDB files with missing atoms.)
mdtrsr__446W> A potential that relies on one protein is used, yet you have at
              least one known structure available. MDT, not library, potential is used.
0 atoms in HETATM residues constrained
to protein CA atoms within 10.00 angstroms
0 atoms in residues without defined topology
constrained to be rigid bodies
condens_443_> Restraints marked for deletion were removed.
              Total number of restraints before, now:    31013    28624
iupac_m_397W> Atoms were not swapped because of the uncertainty of how to handle the H atom.
iupac_m_484W> Dihedral still outside +-90:      -90.3000
iupac_m_397W> Atoms were not swapped because of the uncertainty of how to handle the H atom.
iupac_m_397W> Atoms were not swapped because of the uncertainty of how to handle the H atom.
iupac_m_397W> Atoms were not swapped because of the uncertainty of how to handle the H atom.


>> ENERGY; Differences between the model's features and restraints:
Number of all residues in MODEL                   :      335
Number of all, selected real atoms                :     2605    2605
Number of all, selected pseudo atoms              :        0       0
Number of all static, selected restraints         :    28624   28624
COVALENT_CYS                                      :        F
NONBONDED_SEL_ATOMS                               :        1
Number of non-bonded pairs (excluding 1-2,1-3,1-4):     5606
Dynamic pairs routine                             : 2, NATM x NATM cell sorting
Atomic shift for contacts update (UPDATE_DYNAMIC) :    0.390
LENNARD_JONES_SWITCH                              :    6.500   7.500
COULOMB_JONES_SWITCH                              :    6.500   7.500
RESIDUE_SPAN_RANGE                                :        0   99999
NLOGN_USE                                         :       15
CONTACT_SHELL                                     :    4.000
DYNAMIC_PAIRS,_SPHERE,_COULOMB,_LENNARD,_MODELLER :        T       T       F       F       F
SPHERE_STDV                                       :    0.050
RADII_FACTOR                                      :    0.820
Current energy                                    :        1763.5610





Summary of the restraint violations: 

   NUM     ... number of restraints.
   NUMVI   ... number of restraints with RVIOL > VIOL_REPORT_CUT[i].
   RVIOL   ... relative difference from the best value.
   NUMVP   ... number of restraints with -Ln(pdf) > VIOL_REPORT_CUT2[i].
   RMS_1   ... RMS(feature, minimally_violated_basis_restraint, NUMB).
   RMS_2   ... RMS(feature, best_value, NUMB).
   MOL.PDF ... scaled contribution to -Ln(Molecular pdf).

 #                     RESTRAINT_GROUP      NUM   NUMVI  NUMVP   RMS_1   RMS_2         MOL.PDF     S_i
------------------------------------------------------------------------------------------------------
 1 Bond length potential              :    2671       0      0   0.005   0.005      20.891       1.000
 2 Bond angle potential               :    3625       0      2   2.035   2.035      292.38       1.000
 3 Stereochemical cosine torsion poten:    1743       0     43  46.830  46.830      588.08       1.000
 4 Stereochemical improper torsion pot:    1121       0      0   1.346   1.346      43.306       1.000
 5 Soft-sphere overlap restraints     :    5606       0      0   0.003   0.003      4.6016       1.000
 6 Lennard-Jones 6-12 potential       :       0       0      0   0.000   0.000      0.0000       1.000
 7 Coulomb point-point electrostatic p:       0       0      0   0.000   0.000      0.0000       1.000
 8 H-bonding potential                :       0       0      0   0.000   0.000      0.0000       1.000
 9 Distance restraints 1 (CA-CA)      :    6941       0      2   0.201   0.201      136.02       1.000
10 Distance restraints 2 (N-O)        :    6938       0     13   0.264   0.264      218.91       1.000
11 Mainchain Phi dihedral restraints  :       0       0      0   0.000   0.000      0.0000       1.000
12 Mainchain Psi dihedral restraints  :       0       0      0   0.000   0.000      0.0000       1.000
13 Mainchain Omega dihedral restraints:     334       0      2   4.122   4.122      66.238       1.000
14 Sidechain Chi_1 dihedral restraints:     279       0      2  71.137  71.137      68.549       1.000
15 Sidechain Chi_2 dihedral restraints:     214       0      2  70.912  70.912      83.582       1.000
16 Sidechain Chi_3 dihedral restraints:      84       0      0  67.842  67.842      53.343       1.000
17 Sidechain Chi_4 dihedral restraints:      32       0      0  85.302  85.302      24.308       1.000
18 Disulfide distance restraints      :       0       0      0   0.000   0.000      0.0000       1.000
19 Disulfide angle restraints         :       0       0      0   0.000   0.000      0.0000       1.000
20 Disulfide dihedral angle restraints:       0       0      0   0.000   0.000      0.0000       1.000
21 Lower bound distance restraints    :       0       0      0   0.000   0.000      0.0000       1.000
22 Upper bound distance restraints    :       0       0      0   0.000   0.000      0.0000       1.000
23 Distance restraints 3 (SDCH-MNCH)  :    3144       0      0   0.317   0.317      59.114       1.000
24 Sidechain Chi_5 dihedral restraints:       0       0      0   0.000   0.000      0.0000       1.000
25 Phi/Psi pair of dihedral restraints:     333      27     26  26.215  48.675      24.254       1.000
26 Distance restraints 4 (SDCH-SDCH)  :    1165       0      0   0.646   0.646      79.994       1.000
27 Distance restraints 5 (X-Y)        :       0       0      0   0.000   0.000      0.0000       1.000
28 NMR distance restraints 6 (X-Y)    :       0       0      0   0.000   0.000      0.0000       1.000
29 NMR distance restraints 7 (X-Y)    :       0       0      0   0.000   0.000      0.0000       1.000
30 Minimal distance restraints        :       0       0      0   0.000   0.000      0.0000       1.000
31 Non-bonded restraints              :       0       0      0   0.000   0.000      0.0000       1.000
32 Atomic accessibility restraints    :       0       0      0   0.000   0.000      0.0000       1.000
33 Atomic density restraints          :       0       0      0   0.000   0.000      0.0000       1.000
34 Absolute position restraints       :       0       0      0   0.000   0.000      0.0000       1.000
35 Dihedral angle difference restraint:       0       0      0   0.000   0.000      0.0000       1.000
36 GBSA implicit solvent potential    :       0       0      0   0.000   0.000      0.0000       1.000
37 EM density fitting potential       :       0       0      0   0.000   0.000      0.0000       1.000
38 SAXS restraints                    :       0       0      0   0.000   0.000      0.0000       1.000
39 Symmetry restraints                :       0       0      0   0.000   0.000      0.0000       1.000



# Heavy relative violation of each residue is written to: TvLDH.V99990001
# The profile is NOT normalized by the number of restraints.
# The profiles are smoothed over a window of residues:    1
# The sum of all numbers in the file:   32100.2480



List of the violated restraints:
   A restraint is violated when the relative difference
   from the best value (RVIOL) is larger than CUTOFF.

   ICSR   ... index of a restraint in the current set.
   RESNO  ... residue numbers of the first two atoms.
   ATM    ... IUPAC atom names of the first two atoms.
   FEAT   ... the value of the feature in the model.
   restr  ... the mean of the basis restraint with the smallest
              difference from the model (local minimum).
   viol   ... difference from the local minimum.
   rviol  ... relative difference from the local minimum.
   RESTR  ... the best value (global minimum).
   VIOL   ... difference from the best value.
   RVIOL  ... relative difference from the best value.


-------------------------------------------------------------------------------------------------

Feature 25                           : Phi/Psi pair of dihedral restraints     
List of the RVIOL violations larger than   :       6.5000

    #   ICSR  RESNO1/2 ATM1/2   INDATM1/2    FEAT   restr    viol   rviol   RESTR    VIOL   RVIOL
    1   9191  31G  32D C   N     225  227  -71.55  -96.50   47.61    2.00  -63.30  113.94   13.58
    1         32D  32D N   CA    227  228   73.65  114.20                  -40.00
    2   9249  89M  90P C   N     672  674  -72.55  -58.70   23.38    1.45  -64.50  159.07   12.30
    2         90P  90P N   CA    674  675  -11.67  -30.50                  147.20
    3   9251  91L  92K C   N     687  689 -149.25 -118.00   55.41    2.12  -62.90  159.71   25.86
    3         92K  92K N   CA    689  690 -175.15  139.10                  -40.80
    4   9253  93P  94G C   N     703  705   96.74   78.70   29.56    0.53   82.20  162.63    8.62
    4         94G  94G N   CA    705  706  170.48 -166.10                    8.50
    5   9254  94G  95Q C   N     707  709  -87.50  -73.00   32.16    2.39  -63.80  154.12   21.48
    5         95Q  95Q N   CA    709  710  111.99  140.70                  -40.30
    6   9256  96V  97R C   N     723  725   64.46   57.30  124.49    8.71  -63.00 -158.07   23.20
    6         97R  97R N   CA    725  726  162.28   38.00                  -41.10
    7   9257  97R  98A C   N     734  736  -78.50  -68.20   12.70    1.25  -62.50  179.49   28.67
    7         98A  98A N   CA    736  737  137.88  145.30                  -40.90
    8   9258  98A  99D C   N     739  741   51.83   54.50    8.51    0.84  -63.30  136.22   23.22
    8         99D  99D N   CA    741  742   32.81   40.90                  -40.00
    9   9259  99D 100L C   N     747  749 -106.69 -108.50   13.89    0.77  -63.50  177.85   27.34
    9        100L 100L N   CA    749  750  146.27  132.50                  -41.20
   10   9261 101I 102S C   N     763  765  -59.46  -72.40   54.66    2.80  -64.10  134.38   10.02
   10        102S 102S N   CA    765  766   99.30  152.40                  -35.00
   11   9301 141L 142H C   N    1068 1070 -101.04  -63.20   80.15    8.52  -63.20   80.15    8.52
   11        142H 142H N   CA   1070 1071   28.36  -42.30                  -42.30
   12   9314 154L 155S C   N    1172 1174 -131.61  -64.10   81.30    7.71  -64.10   81.30    7.71
   12        155S 155S N   CA   1174 1175   10.31  -35.00                  -35.00
   13   9335 175K 176D C   N    1338 1340 -102.40  -63.30   79.91    8.48  -63.30   79.91    8.48
   13        176D 176D N   CA   1340 1341   29.69  -40.00                  -40.00
   14   9360 200T 201K C   N    1531 1533  -80.76  -62.90   81.48   11.63  -62.90   81.48   11.63
   14        201K 201K N   CA   1533 1534 -120.30  -40.80                  -40.80
   15   9361 201K 202E C   N    1540 1542  -61.70  -69.30    8.21    0.51  -63.60  179.71   24.06
   15        202E 202E N   CA   1542 1543  139.40  142.50                  -40.30
   16   9362 202E 203G C   N    1549 1551   72.91   78.70   11.48    0.17   82.20  164.95    8.47
   16        203G 203G N   CA   1551 1552 -156.19 -166.10                    8.50
   17   9363 203G 204K C   N    1553 1555  -73.15  -70.20   33.45    2.35  -62.90  145.84   19.52
   17        204K 204K N   CA   1555 1556  173.72  140.40                  -40.80
   18   9379 219D 220T C   N    1688 1690 -110.83  -63.20   49.18    8.22  -63.20   49.18    8.22
   18        220T 220T N   CA   1690 1691  -54.36  -42.10                  -42.10
   19   9386 226G 227H C   N    1747 1749  -94.42  -63.20   67.08    7.13  -63.20   67.08    7.13
   19        227H 227H N   CA   1749 1750   17.07  -42.30                  -42.30
   20   9431 271V 272P C   N    2091 2093  -75.80  -64.50   14.28    0.99  -58.70  174.41   15.82
   20        272P 272P N   CA   2093 2094  155.93  147.20                  -30.50
   21   9432 272P 273E C   N    2098 2100  -59.89  -69.30    9.60    0.66  -63.60  179.14   23.68
   21        273E 273E N   CA   2100 2101  140.60  142.50                  -40.30
   22   9452 292D 293K C   N    2248 2250   57.03   56.60   13.93    0.96  -62.90  136.64   23.87
   22        293K 293K N   CA   2250 2251   24.67   38.60                  -40.80
   23   9453 293K 294E C   N    2257 2259   51.70   54.60   34.87    2.46  -63.60  164.59   27.86
   23        294E 294E N   CA   2259 2260   77.15   42.40                  -40.30
   24   9489 329N 330H C   N    2563 2565  -44.71  -67.60   28.98    2.59  -63.20  160.97   19.04
   24        330H 330H N   CA   2565 2566  157.79  140.00                  -42.30
   25   9490 330H 331L C   N    2573 2575  -56.60  -70.70   30.49    1.90  -63.50  155.92   22.05
   25        331L 331L N   CA   2575 2576  114.56  141.60                  -41.20
   26   9491 331L 332A C   N    2581 2583   69.36  -68.20  137.58   11.74  -62.50 -143.79   32.70
   26        332A 332A N   CA   2583 2584  147.75  145.30                  -40.90
   27   9492 332A 333Q C   N    2586 2588  -57.84  -73.00   23.54    1.35  -63.80  163.11   24.30
   27        333Q 333Q N   CA   2588 2589  122.70  140.70                  -40.30


report______> Distribution of short non-bonded contacts:


DISTANCE1:  0.00 2.10 2.20 2.30 2.40 2.50 2.60 2.70 2.80 2.90 3.00 3.10 3.20 3.30 3.40
DISTANCE2:  2.10 2.20 2.30 2.40 2.50 2.60 2.70 2.80 2.90 3.00 3.10 3.20 3.30 3.40 3.50
FREQUENCY:     0    0    0    0    0   18   33  130  184  254  270  334  393  408  416


<< end of ENERGY.
>> Model assessment by DOPE potential
iatmcls_286W> MODEL atom not classified:  GLY:OXT  GLY


>> ENERGY; Differences between the model's features and restraints:
Number of all residues in MODEL                   :      335
Number of all, selected real atoms                :     2605    2605
Number of all, selected pseudo atoms              :        0       0
Number of all static, selected restraints         :    28624   28624
COVALENT_CYS                                      :        F
NONBONDED_SEL_ATOMS                               :        1
Number of non-bonded pairs (excluding 1-2,1-3,1-4):   522227
Dynamic pairs routine                             : 1, NATM x NATM double loop
Atomic shift for contacts update (UPDATE_DYNAMIC) :    0.390
LENNARD_JONES_SWITCH                              :    6.500   7.500
COULOMB_JONES_SWITCH                              :    6.500   7.500
RESIDUE_SPAN_RANGE                                :        1    9999
NLOGN_USE                                         :       15
CONTACT_SHELL                                     :   15.000
DYNAMIC_PAIRS,_SPHERE,_COULOMB,_LENNARD,_MODELLER :        T       F       F       F       T
SPHERE_STDV                                       :    0.050
RADII_FACTOR                                      :    0.820
Current energy                                    :      -38079.7617




<< end of ENERGY.
DOPE score               : -38079.761719
>> Model assessment by GA341 potential

Surface library          : /diva1/home/modeller/9v3/modlib/surf5.de
Pair library             : /diva1/home/modeller/9v3/modlib/pair9.de
Chain identifier         : _
% sequence identity      :    42.452999
Sequence length          :          335
Compactness              :     0.287874
Native energy (pair)     :  -295.869410
Native energy (surface)  :   -17.608457
Native energy (combined) :    -8.939801
Z score (pair)           :    -7.839347
Z score (surface)        :    -7.270804
Z score (combined)       :   -11.207872
GA341 score              :     1.000000

iupac_m_397W> Atoms were not swapped because of the uncertainty of how to handle the H atom.


>> ENERGY; Differences between the model's features and restraints:
Number of all residues in MODEL                   :      335
Number of all, selected real atoms                :     2605    2605
Number of all, selected pseudo atoms              :        0       0
Number of all static, selected restraints         :    28624   28624
COVALENT_CYS                                      :        F
NONBONDED_SEL_ATOMS                               :        1
Number of non-bonded pairs (excluding 1-2,1-3,1-4):     5713
Dynamic pairs routine                             : 2, NATM x NATM cell sorting
Atomic shift for contacts update (UPDATE_DYNAMIC) :    0.390
LENNARD_JONES_SWITCH                              :    6.500   7.500
COULOMB_JONES_SWITCH                              :    6.500   7.500
RESIDUE_SPAN_RANGE                                :        0   99999
NLOGN_USE                                         :       15
CONTACT_SHELL                                     :    4.000
DYNAMIC_PAIRS,_SPHERE,_COULOMB,_LENNARD,_MODELLER :        T       T       F       F       F
SPHERE_STDV                                       :    0.050
RADII_FACTOR                                      :    0.820
Current energy                                    :        1560.9340





Summary of the restraint violations: 

   NUM     ... number of restraints.
   NUMVI   ... number of restraints with RVIOL > VIOL_REPORT_CUT[i].
   RVIOL   ... relative difference from the best value.
   NUMVP   ... number of restraints with -Ln(pdf) > VIOL_REPORT_CUT2[i].
   RMS_1   ... RMS(feature, minimally_violated_basis_restraint, NUMB).
   RMS_2   ... RMS(feature, best_value, NUMB).
   MOL.PDF ... scaled contribution to -Ln(Molecular pdf).

 #                     RESTRAINT_GROUP      NUM   NUMVI  NUMVP   RMS_1   RMS_2         MOL.PDF     S_i
------------------------------------------------------------------------------------------------------
 1 Bond length potential              :    2671       0      0   0.005   0.005      17.691       1.000
 2 Bond angle potential               :    3625       0      2   1.876   1.876      252.19       1.000
 3 Stereochemical cosine torsion poten:    1743       0     47  46.825  46.825      580.92       1.000
 4 Stereochemical improper torsion pot:    1121       0      0   1.127   1.127      32.385       1.000
 5 Soft-sphere overlap restraints     :    5713       0      0   0.002   0.002      3.5653       1.000
 6 Lennard-Jones 6-12 potential       :       0       0      0   0.000   0.000      0.0000       1.000
 7 Coulomb point-point electrostatic p:       0       0      0   0.000   0.000      0.0000       1.000
 8 H-bonding potential                :       0       0      0   0.000   0.000      0.0000       1.000
 9 Distance restraints 1 (CA-CA)      :    6941       0      2   0.187   0.187      108.58       1.000
10 Distance restraints 2 (N-O)        :    6938       0      9   0.246   0.246      196.42       1.000
11 Mainchain Phi dihedral restraints  :       0       0      0   0.000   0.000      0.0000       1.000
12 Mainchain Psi dihedral restraints  :       0       0      0   0.000   0.000      0.0000       1.000
13 Mainchain Omega dihedral restraints:     334       0      2   4.093   4.093      65.310       1.000
14 Sidechain Chi_1 dihedral restraints:     279       0      1  72.406  72.406      65.376       1.000
15 Sidechain Chi_2 dihedral restraints:     214       0      1  67.467  67.467      64.533       1.000
16 Sidechain Chi_3 dihedral restraints:      84       0      0  69.792  69.792      47.377       1.000
17 Sidechain Chi_4 dihedral restraints:      32       0      0  80.402  80.402      22.824       1.000
18 Disulfide distance restraints      :       0       0      0   0.000   0.000      0.0000       1.000
19 Disulfide angle restraints         :       0       0      0   0.000   0.000      0.0000       1.000
20 Disulfide dihedral angle restraints:       0       0      0   0.000   0.000      0.0000       1.000
21 Lower bound distance restraints    :       0       0      0   0.000   0.000      0.0000       1.000
22 Upper bound distance restraints    :       0       0      0   0.000   0.000      0.0000       1.000
23 Distance restraints 3 (SDCH-MNCH)  :    3144       0      0   0.308   0.308      52.549       1.000
24 Sidechain Chi_5 dihedral restraints:       0       0      0   0.000   0.000      0.0000       1.000
25 Phi/Psi pair of dihedral restraints:     333      22     22  22.778  45.960     -22.443       1.000
26 Distance restraints 4 (SDCH-SDCH)  :    1165       0      0   0.637   0.637      73.655       1.000
27 Distance restraints 5 (X-Y)        :       0       0      0   0.000   0.000      0.0000       1.000
28 NMR distance restraints 6 (X-Y)    :       0       0      0   0.000   0.000      0.0000       1.000
29 NMR distance restraints 7 (X-Y)    :       0       0      0   0.000   0.000      0.0000       1.000
30 Minimal distance restraints        :       0       0      0   0.000   0.000      0.0000       1.000
31 Non-bonded restraints              :       0       0      0   0.000   0.000      0.0000       1.000
32 Atomic accessibility restraints    :       0       0      0   0.000   0.000      0.0000       1.000
33 Atomic density restraints          :       0       0      0   0.000   0.000      0.0000       1.000
34 Absolute position restraints       :       0       0      0   0.000   0.000      0.0000       1.000
35 Dihedral angle difference restraint:       0       0      0   0.000   0.000      0.0000       1.000
36 GBSA implicit solvent potential    :       0       0      0   0.000   0.000      0.0000       1.000
37 EM density fitting potential       :       0       0      0   0.000   0.000      0.0000       1.000
38 SAXS restraints                    :       0       0      0   0.000   0.000      0.0000       1.000
39 Symmetry restraints                :       0       0      0   0.000   0.000      0.0000       1.000



# Heavy relative violation of each residue is written to: TvLDH.V99990002
# The profile is NOT normalized by the number of restraints.
# The profiles are smoothed over a window of residues:    1
# The sum of all numbers in the file:   29628.7168



List of the violated restraints:
   A restraint is violated when the relative difference
   from the best value (RVIOL) is larger than CUTOFF.

   ICSR   ... index of a restraint in the current set.
   RESNO  ... residue numbers of the first two atoms.
   ATM    ... IUPAC atom names of the first two atoms.
   FEAT   ... the value of the feature in the model.
   restr  ... the mean of the basis restraint with the smallest
              difference from the model (local minimum).
   viol   ... difference from the local minimum.
   rviol  ... relative difference from the local minimum.
   RESTR  ... the best value (global minimum).
   VIOL   ... difference from the best value.
   RVIOL  ... relative difference from the best value.


-------------------------------------------------------------------------------------------------

Feature 25                           : Phi/Psi pair of dihedral restraints     
List of the RVIOL violations larger than   :       6.5000

    #   ICSR  RESNO1/2 ATM1/2   INDATM1/2    FEAT   restr    viol   rviol   RESTR    VIOL   RVIOL
    1   9191  31G  32D C   N     225  227  -74.27  -96.50   65.68    2.77  -63.30   93.04   10.86
    1         32D  32D N   CA    227  228   52.40  114.20                  -40.00
    2   9249  89M  90P C   N     672  674  -72.83  -58.70   22.75    1.44  -64.50  160.09   12.39
    2         90P  90P N   CA    674  675  -12.67  -30.50                  147.20
    3   9251  91L  92K C   N     687  689 -144.85 -118.00   59.49    2.42  -62.90  151.15   24.49
    3         92K  92K N   CA    689  690 -167.81  139.10                  -40.80
    4   9253  93P  94G C   N     703  705   90.17   78.70   27.20    0.41   82.20  160.93    8.21
    4         94G  94G N   CA    705  706  169.23 -166.10                    8.50
    5   9254  94G  95Q C   N     707  709 -117.22 -121.10   18.71    0.94  -63.80  170.30   27.88
    5         95Q  95Q N   CA    709  710  158.00  139.70                  -40.30
    6   9256  96V  97R C   N     723  725  -61.25  -72.10   38.30    2.71  -63.00  146.27   19.88
    6         97R  97R N   CA    725  726  105.17  141.90                  -41.10
    7   9257  97R  98A C   N     734  736  157.92 -134.00   81.59    1.98  -62.50 -171.20   37.92
    7         98A  98A N   CA    736  737 -168.04  147.00                  -40.90
    8   9258  98A  99D C   N     739  741  -73.72  -70.90   18.45    0.77  -63.30  151.83   19.39
    8         99D  99D N   CA    741  742  168.53  150.30                  -40.00
    9   9259  99D 100L C   N     747  749  -65.45  -70.70    8.80    0.55  -63.50  175.75   24.29
    9        100L 100L N   CA    749  750  134.54  141.60                  -41.20
   10   9261 101I 102S C   N     763  765 -145.49 -136.60   62.13    3.32  -64.10  148.91   10.17
   10        102S 102S N   CA    765  766   89.70  151.20                  -35.00
   11   9301 141L 142H C   N    1068 1070 -101.91  -63.20   79.98    8.50  -63.20   79.98    8.50
   11        142H 142H N   CA   1070 1071   27.69  -42.30                  -42.30
   12   9314 154L 155S C   N    1172 1174 -129.40  -64.10   79.61    7.45  -64.10   79.61    7.45
   12        155S 155S N   CA   1174 1175   10.54  -35.00                  -35.00
   13   9359 199F 200T C   N    1524 1526   67.94   55.90   19.17    2.19 -124.80 -170.50   11.44
   13        200T 200T N   CA   1526 1527   54.42   39.50                  143.50
   14   9362 202E 203G C   N    1549 1551  -92.88  -80.20   46.71    1.26   82.20 -129.81   17.86
   14        203G 203G N   CA   1551 1552 -140.95  174.10                    8.50
   15   9363 203G 204K C   N    1553 1555  -96.02 -118.00   28.13    0.96  -62.90  165.70   19.95
   15        204K 204K N   CA   1555 1556  121.55  139.10                  -40.80
   16   9379 219D 220T C   N    1688 1690 -116.48  -63.20   53.88    8.80  -63.20   53.88    8.80
   16        220T 220T N   CA   1690 1691  -50.12  -42.10                  -42.10
   17   9431 271V 272P C   N    2091 2093  -75.79  -64.50   12.84    1.00  -58.70  177.01   16.03
   17        272P 272P N   CA   2093 2094  153.32  147.20                  -30.50
   18   9432 272P 273E C   N    2098 2100  -59.45  -69.30    9.85    0.75  -63.60  177.18   23.40
   18        273E 273E N   CA   2100 2101  142.56  142.50                  -40.30
   19   9452 292D 293K C   N    2248 2250  -80.68  -62.90   75.32    8.97  -62.90   75.32    8.97
   19        293K 293K N   CA   2250 2251   32.39  -40.80                  -40.80
   20   9453 293K 294E C   N    2257 2259   49.97   54.60   20.67    1.25  -63.60  153.22   26.12
   20        294E 294E N   CA   2259 2260   62.55   42.40                  -40.30
   21   9489 329N 330H C   N    2563 2565  -44.62  -67.60   23.44    1.90  -63.20  174.05   20.66
   21        330H 330H N   CA   2565 2566  144.64  140.00                  -42.30
   22   9492 332A 333Q C   N    2586 2588   56.46   55.10   25.93    1.97  -63.80  160.63   29.05
   22        333Q 333Q N   CA   2588 2589   66.20   40.30                  -40.30


report______> Distribution of short non-bonded contacts:


DISTANCE1:  0.00 2.10 2.20 2.30 2.40 2.50 2.60 2.70 2.80 2.90 3.00 3.10 3.20 3.30 3.40
DISTANCE2:  2.10 2.20 2.30 2.40 2.50 2.60 2.70 2.80 2.90 3.00 3.10 3.20 3.30 3.40 3.50
FREQUENCY:     0    0    0    0    0   25   36  142  158  268  258  344  423  420  452


<< end of ENERGY.
>> Model assessment by DOPE potential
iatmcls_286W> MODEL atom not classified:  GLY:OXT  GLY


>> ENERGY; Differences between the model's features and restraints:
Number of all residues in MODEL                   :      335
Number of all, selected real atoms                :     2605    2605
Number of all, selected pseudo atoms              :        0       0
Number of all static, selected restraints         :    28624   28624
COVALENT_CYS                                      :        F
NONBONDED_SEL_ATOMS                               :        1
Number of non-bonded pairs (excluding 1-2,1-3,1-4):   524118
Dynamic pairs routine                             : 1, NATM x NATM double loop
Atomic shift for contacts update (UPDATE_DYNAMIC) :    0.390
LENNARD_JONES_SWITCH                              :    6.500   7.500
COULOMB_JONES_SWITCH                              :    6.500   7.500
RESIDUE_SPAN_RANGE                                :        1    9999
NLOGN_USE                                         :       15
CONTACT_SHELL                                     :   15.000
DYNAMIC_PAIRS,_SPHERE,_COULOMB,_LENNARD,_MODELLER :        T       F       F       F       T
SPHERE_STDV                                       :    0.050
RADII_FACTOR                                      :    0.820
Current energy                                    :      -38515.9805




<< end of ENERGY.
DOPE score               : -38515.980469
>> Model assessment by GA341 potential

Surface library          : /diva1/home/modeller/9v3/modlib/surf5.de
Pair library             : /diva1/home/modeller/9v3/modlib/pair9.de
Chain identifier         : _
% sequence identity      :    42.452999
Sequence length          :          335
Compactness              :     0.324142
Native energy (pair)     :  -271.288889
Native energy (surface)  :   -15.087009
Native energy (combined) :    -8.160326
Z score (pair)           :    -7.635335
Z score (surface)        :    -6.784334
Z score (combined)       :    -9.490529
GA341 score              :     1.000000

iupac_m_397W> Atoms were not swapped because of the uncertainty of how to handle the H atom.


>> ENERGY; Differences between the model's features and restraints:
Number of all residues in MODEL                   :      335
Number of all, selected real atoms                :     2605    2605
Number of all, selected pseudo atoms              :        0       0
Number of all static, selected restraints         :    28624   28624
COVALENT_CYS                                      :        F
NONBONDED_SEL_ATOMS                               :        1
Number of non-bonded pairs (excluding 1-2,1-3,1-4):     5656
Dynamic pairs routine                             : 2, NATM x NATM cell sorting
Atomic shift for contacts update (UPDATE_DYNAMIC) :    0.390
LENNARD_JONES_SWITCH                              :    6.500   7.500
COULOMB_JONES_SWITCH                              :    6.500   7.500
RESIDUE_SPAN_RANGE                                :        0   99999
NLOGN_USE                                         :       15
CONTACT_SHELL                                     :    4.000
DYNAMIC_PAIRS,_SPHERE,_COULOMB,_LENNARD,_MODELLER :        T       T       F       F       F
SPHERE_STDV                                       :    0.050
RADII_FACTOR                                      :    0.820
Current energy                                    :        1712.4410





Summary of the restraint violations: 

   NUM     ... number of restraints.
   NUMVI   ... number of restraints with RVIOL > VIOL_REPORT_CUT[i].
   RVIOL   ... relative difference from the best value.
   NUMVP   ... number of restraints with -Ln(pdf) > VIOL_REPORT_CUT2[i].
   RMS_1   ... RMS(feature, minimally_violated_basis_restraint, NUMB).
   RMS_2   ... RMS(feature, best_value, NUMB).
   MOL.PDF ... scaled contribution to -Ln(Molecular pdf).

 #                     RESTRAINT_GROUP      NUM   NUMVI  NUMVP   RMS_1   RMS_2         MOL.PDF     S_i
------------------------------------------------------------------------------------------------------
 1 Bond length potential              :    2671       0      0   0.005   0.005      19.412       1.000
 2 Bond angle potential               :    3625       0      8   1.975   1.975      278.32       1.000
 3 Stereochemical cosine torsion poten:    1743       0     46  46.463  46.463      577.35       1.000
 4 Stereochemical improper torsion pot:    1121       0      0   1.153   1.153      33.091       1.000
 5 Soft-sphere overlap restraints     :    5656       0      0   0.003   0.003      5.4267       1.000
 6 Lennard-Jones 6-12 potential       :       0       0      0   0.000   0.000      0.0000       1.000
 7 Coulomb point-point electrostatic p:       0       0      0   0.000   0.000      0.0000       1.000
 8 H-bonding potential                :       0       0      0   0.000   0.000      0.0000       1.000
 9 Distance restraints 1 (CA-CA)      :    6941       0      1   0.201   0.201      134.09       1.000
10 Distance restraints 2 (N-O)        :    6938       1     14   0.310   0.310      255.44       1.000
11 Mainchain Phi dihedral restraints  :       0       0      0   0.000   0.000      0.0000       1.000
12 Mainchain Psi dihedral restraints  :       0       0      0   0.000   0.000      0.0000       1.000
13 Mainchain Omega dihedral restraints:     334       2      6   4.658   4.658      84.758       1.000
14 Sidechain Chi_1 dihedral restraints:     279       0      2  68.937  68.937      47.944       1.000
15 Sidechain Chi_2 dihedral restraints:     214       0      1  75.729  75.729      82.069       1.000
16 Sidechain Chi_3 dihedral restraints:      84       0      0  69.169  69.169      49.938       1.000
17 Sidechain Chi_4 dihedral restraints:      32       0      0  82.579  82.579      20.713       1.000
18 Disulfide distance restraints      :       0       0      0   0.000   0.000      0.0000       1.000
19 Disulfide angle restraints         :       0       0      0   0.000   0.000      0.0000       1.000
20 Disulfide dihedral angle restraints:       0       0      0   0.000   0.000      0.0000       1.000
21 Lower bound distance restraints    :       0       0      0   0.000   0.000      0.0000       1.000
22 Upper bound distance restraints    :       0       0      0   0.000   0.000      0.0000       1.000
23 Distance restraints 3 (SDCH-MNCH)  :    3144       0      0   0.301   0.301      43.064       1.000
24 Sidechain Chi_5 dihedral restraints:       0       0      0   0.000   0.000      0.0000       1.000
25 Phi/Psi pair of dihedral restraints:     333      28     28  25.284  49.018      22.451       1.000
26 Distance restraints 4 (SDCH-SDCH)  :    1165       0      2   0.562   0.562      58.367       1.000
27 Distance restraints 5 (X-Y)        :       0       0      0   0.000   0.000      0.0000       1.000
28 NMR distance restraints 6 (X-Y)    :       0       0      0   0.000   0.000      0.0000       1.000
29 NMR distance restraints 7 (X-Y)    :       0       0      0   0.000   0.000      0.0000       1.000
30 Minimal distance restraints        :       0       0      0   0.000   0.000      0.0000       1.000
31 Non-bonded restraints              :       0       0      0   0.000   0.000      0.0000       1.000
32 Atomic accessibility restraints    :       0       0      0   0.000   0.000      0.0000       1.000
33 Atomic density restraints          :       0       0      0   0.000   0.000      0.0000       1.000
34 Absolute position restraints       :       0       0      0   0.000   0.000      0.0000       1.000
35 Dihedral angle difference restraint:       0       0      0   0.000   0.000      0.0000       1.000
36 GBSA implicit solvent potential    :       0       0      0   0.000   0.000      0.0000       1.000
37 EM density fitting potential       :       0       0      0   0.000   0.000      0.0000       1.000
38 SAXS restraints                    :       0       0      0   0.000   0.000      0.0000       1.000
39 Symmetry restraints                :       0       0      0   0.000   0.000      0.0000       1.000



# Heavy relative violation of each residue is written to: TvLDH.V99990003
# The profile is NOT normalized by the number of restraints.
# The profiles are smoothed over a window of residues:    1
# The sum of all numbers in the file:   30673.3730



List of the violated restraints:
   A restraint is violated when the relative difference
   from the best value (RVIOL) is larger than CUTOFF.

   ICSR   ... index of a restraint in the current set.
   RESNO  ... residue numbers of the first two atoms.
   ATM    ... IUPAC atom names of the first two atoms.
   FEAT   ... the value of the feature in the model.
   restr  ... the mean of the basis restraint with the smallest
              difference from the model (local minimum).
   viol   ... difference from the local minimum.
   rviol  ... relative difference from the local minimum.
   RESTR  ... the best value (global minimum).
   VIOL   ... difference from the best value.
   RVIOL  ... relative difference from the best value.


-------------------------------------------------------------------------------------------------

Feature 13                           : Mainchain Omega dihedral restraints     
List of the RVIOL violations larger than   :       4.5000

    #   ICSR  RESNO1/2 ATM1/2   INDATM1/2    FEAT   restr    viol   rviol   RESTR    VIOL   RVIOL
    1   9536  43P  43P CA  C     325  329 -152.04 -180.00   27.96    5.59 -180.00   27.96    5.59

-------------------------------------------------------------------------------------------------

Feature 25                           : Phi/Psi pair of dihedral restraints     
List of the RVIOL violations larger than   :       6.5000

    #   ICSR  RESNO1/2 ATM1/2   INDATM1/2    FEAT   restr    viol   rviol   RESTR    VIOL   RVIOL
    1   9191  31G  32D C   N     225  227  -72.61  -96.50   53.53    2.25  -63.30  106.70   12.63
    1         32D  32D N   CA    227  228   66.29  114.20                  -40.00
    2   9202  42I  43P C   N     322  324  -58.62  -64.50   25.95    2.26  -58.70  157.03   12.97
    2         43P  43P N   CA    324  325  172.47  147.20                  -30.50
    3   9203  43P  44P C   N     329  331   -5.79  -58.70   92.48   11.79  -58.70   92.48   11.79
    3         44P  44P N   CA    331  332   45.36  -30.50                  -30.50
    4   9250  90P  91L C   N     679  681   36.94  -70.70  107.64    9.77 -108.50  145.69    7.04
    4         91L  91L N   CA    681  682  141.12  141.60                  132.50
    5   9251  91L  92K C   N     687  689 -159.71  -62.90  105.28   14.96  -62.90  105.28   14.96
    5         92K  92K N   CA    689  690    0.58  -40.80                  -40.80
    6   9253  93P  94G C   N     703  705 -112.90  -80.20   50.85    3.49   82.20 -152.08   16.21
    6         94G  94G N   CA    705  706  135.16  174.10                    8.50
    7   9254  94G  95Q C   N     707  709 -134.88 -121.10   51.17    2.17  -63.80  148.80   25.55
    7         95Q  95Q N   CA    709  710 -171.02  139.70                  -40.30
    8   9255  95Q  96V C   N     716  718  -62.68  -62.40    5.48    0.68 -125.40 -169.60   10.65
    8         96V  96V N   CA    718  719  -36.92  -42.40                  143.30
    9   9257  97R  98A C   N     734  736 -171.63 -134.00   40.78    0.93  -62.50 -169.29   37.02
    9         98A  98A N   CA    736  737  162.71  147.00                  -40.90
   10   9258  98A  99D C   N     739  741 -111.03  -96.50   14.56    0.59  -63.30  160.51   17.50
   10         99D  99D N   CA    741  742  113.25  114.20                  -40.00
   11   9259  99D 100L C   N     747  749 -114.04 -108.50   18.02    0.91  -63.50  176.54   27.63
   11        100L 100L N   CA    749  750  149.65  132.50                  -41.20
   12   9261 101I 102S C   N     763  765  -66.90  -72.40   36.95    1.99  -64.10  150.89   10.77
   12        102S 102S N   CA    765  766  115.87  152.40                  -35.00
   13   9301 141L 142H C   N    1068 1070 -103.80  -63.20   86.75    9.22  -63.20   86.75    9.22
   13        142H 142H N   CA   1070 1071   34.36  -42.30                  -42.30
   14   9314 154L 155S C   N    1172 1174 -130.30  -64.10   80.79    7.55  -64.10   80.79    7.55
   14        155S 155S N   CA   1174 1175   11.31  -35.00                  -35.00
   15   9359 199F 200T C   N    1524 1526   50.82   55.90   57.18    3.63 -124.80 -178.19    8.33
   15        200T 200T N   CA   1526 1527   96.45   39.50                  143.50
   16   9361 201K 202E C   N    1540 1542  -64.71  -69.30    6.18    0.35  -63.60  178.68   23.76
   16        202E 202E N   CA   1542 1543  138.37  142.50                  -40.30
   17   9363 203G 204K C   N    1553 1555   56.90   56.60   11.17    0.82  -62.90  150.17   26.03
   17        204K 204K N   CA   1555 1556   49.76   38.60                  -40.80
   18   9364 204K 205T C   N    1562 1564   54.40   55.90   26.21    1.72 -124.80 -164.63    8.09
   18        205T 205T N   CA   1564 1565   65.67   39.50                  143.50
   19   9379 219D 220T C   N    1688 1690 -125.01  -63.20   61.84    9.56  -63.20   61.84    9.56
   19        220T 220T N   CA   1690 1691  -40.21  -42.10                  -42.10
   20   9386 226G 227H C   N    1747 1749  -95.05  -63.20   66.01    7.02  -63.20   66.01    7.02
   20        227H 227H N   CA   1749 1750   15.52  -42.30                  -42.30
   21   9432 272P 273E C   N    2098 2100 -179.79 -117.80  130.37    5.05  -63.60  134.74   23.18
   21        273E 273E N   CA   2100 2101 -108.51  136.80                  -40.30
   22   9433 273E 274G C   N    2107 2109  -62.66  -80.20   59.95    1.57   82.20 -179.15    6.72
   22        274G 274G N   CA   2109 2110  116.77  174.10                    8.50
   23   9434 274G 275N C   N    2111 2113  -95.98 -119.90   38.82    2.11   55.90 -161.32   13.01
   23        275N 275N N   CA   2113 2114  167.58  137.00                   39.50
   24   9453 293K 294E C   N    2257 2259 -170.03 -117.80   56.68    2.64  -63.60 -171.91   21.76
   24        294E 294E N   CA   2259 2260  114.78  136.80                  -40.30
   25   9488 328L 329N C   N    2555 2557  -87.20  -71.20   70.41    4.96  -63.20  117.80   13.54
   25        329N 329N N   CA   2557 2558   74.23  142.80                  -41.10
   26   9489 329N 330H C   N    2563 2565 -121.48 -125.60   54.17    2.14  -63.20  137.82   21.03
   26        330H 330H N   CA   2565 2566 -167.19  138.80                  -42.30
   27   9491 331L 332A C   N    2581 2583 -118.06 -134.00   29.38    1.80  -62.50  157.54   28.79
   27        332A 332A N   CA   2583 2584  171.68  147.00                  -40.90
   28   9493 333Q 334G C   N    2595 2597   88.83   82.20   55.27    2.35  -62.40  151.32   26.82
   28        334G 334G N   CA   2597 2598  -46.37    8.50                  -41.20


report______> Distribution of short non-bonded contacts:


DISTANCE1:  0.00 2.10 2.20 2.30 2.40 2.50 2.60 2.70 2.80 2.90 3.00 3.10 3.20 3.30 3.40
DISTANCE2:  2.10 2.20 2.30 2.40 2.50 2.60 2.70 2.80 2.90 3.00 3.10 3.20 3.30 3.40 3.50
FREQUENCY:     0    0    0    0    0   17   34  121  183  266  243  319  417  453  433


<< end of ENERGY.
>> Model assessment by DOPE potential
iatmcls_286W> MODEL atom not classified:  GLY:OXT  GLY


>> ENERGY; Differences between the model's features and restraints:
Number of all residues in MODEL                   :      335
Number of all, selected real atoms                :     2605    2605
Number of all, selected pseudo atoms              :        0       0
Number of all static, selected restraints         :    28624   28624
COVALENT_CYS                                      :        F
NONBONDED_SEL_ATOMS                               :        1
Number of non-bonded pairs (excluding 1-2,1-3,1-4):   521613
Dynamic pairs routine                             : 1, NATM x NATM double loop
Atomic shift for contacts update (UPDATE_DYNAMIC) :    0.390
LENNARD_JONES_SWITCH                              :    6.500   7.500
COULOMB_JONES_SWITCH                              :    6.500   7.500
RESIDUE_SPAN_RANGE                                :        1    9999
NLOGN_USE                                         :       15
CONTACT_SHELL                                     :   15.000
DYNAMIC_PAIRS,_SPHERE,_COULOMB,_LENNARD,_MODELLER :        T       F       F       F       T
SPHERE_STDV                                       :    0.050
RADII_FACTOR                                      :    0.820
Current energy                                    :      -37984.3086




<< end of ENERGY.
DOPE score               : -37984.308594
>> Model assessment by GA341 potential

Surface library          : /diva1/home/modeller/9v3/modlib/surf5.de
Pair library             : /diva1/home/modeller/9v3/modlib/pair9.de
Chain identifier         : _
% sequence identity      :    42.452999
Sequence length          :          335
Compactness              :     0.371070
Native energy (pair)     :  -277.596807
Native energy (surface)  :   -14.093246
Native energy (combined) :    -8.041039
Z score (pair)           :    -7.588748
Z score (surface)        :    -6.818360
Z score (combined)       :    -9.609478
GA341 score              :     1.000000

iupac_m_397W> Atoms were not swapped because of the uncertainty of how to handle the H atom.
iupac_m_397W> Atoms were not swapped because of the uncertainty of how to handle the H atom.
iupac_m_397W> Atoms were not swapped because of the uncertainty of how to handle the H atom.
iupac_m_484W> Dihedral still outside +-90:      -90.6849
iupac_m_397W> Atoms were not swapped because of the uncertainty of how to handle the H atom.


>> ENERGY; Differences between the model's features and restraints:
Number of all residues in MODEL                   :      335
Number of all, selected real atoms                :     2605    2605
Number of all, selected pseudo atoms              :        0       0
Number of all static, selected restraints         :    28624   28624
COVALENT_CYS                                      :        F
NONBONDED_SEL_ATOMS                               :        1
Number of non-bonded pairs (excluding 1-2,1-3,1-4):     5802
Dynamic pairs routine                             : 2, NATM x NATM cell sorting
Atomic shift for contacts update (UPDATE_DYNAMIC) :    0.390
LENNARD_JONES_SWITCH                              :    6.500   7.500
COULOMB_JONES_SWITCH                              :    6.500   7.500
RESIDUE_SPAN_RANGE                                :        0   99999
NLOGN_USE                                         :       15
CONTACT_SHELL                                     :    4.000
DYNAMIC_PAIRS,_SPHERE,_COULOMB,_LENNARD,_MODELLER :        T       T       F       F       F
SPHERE_STDV                                       :    0.050
RADII_FACTOR                                      :    0.820
Current energy                                    :        1720.7080





Summary of the restraint violations: 

   NUM     ... number of restraints.
   NUMVI   ... number of restraints with RVIOL > VIOL_REPORT_CUT[i].
   RVIOL   ... relative difference from the best value.
   NUMVP   ... number of restraints with -Ln(pdf) > VIOL_REPORT_CUT2[i].
   RMS_1   ... RMS(feature, minimally_violated_basis_restraint, NUMB).
   RMS_2   ... RMS(feature, best_value, NUMB).
   MOL.PDF ... scaled contribution to -Ln(Molecular pdf).

 #                     RESTRAINT_GROUP      NUM   NUMVI  NUMVP   RMS_1   RMS_2         MOL.PDF     S_i
------------------------------------------------------------------------------------------------------
 1 Bond length potential              :    2671       0      0   0.006   0.006      23.487       1.000
 2 Bond angle potential               :    3625       0      6   1.974   1.974      282.78       1.000
 3 Stereochemical cosine torsion poten:    1743       0     48  47.178  47.178      580.45       1.000
 4 Stereochemical improper torsion pot:    1121       0      0   1.226   1.226      37.569       1.000
 5 Soft-sphere overlap restraints     :    5802       0      0   0.004   0.004      10.099       1.000
 6 Lennard-Jones 6-12 potential       :       0       0      0   0.000   0.000      0.0000       1.000
 7 Coulomb point-point electrostatic p:       0       0      0   0.000   0.000      0.0000       1.000
 8 H-bonding potential                :       0       0      0   0.000   0.000      0.0000       1.000
 9 Distance restraints 1 (CA-CA)      :    6941       0      0   0.196   0.196      126.96       1.000
10 Distance restraints 2 (N-O)        :    6938       0     13   0.291   0.291      240.29       1.000
11 Mainchain Phi dihedral restraints  :       0       0      0   0.000   0.000      0.0000       1.000
12 Mainchain Psi dihedral restraints  :       0       0      0   0.000   0.000      0.0000       1.000
13 Mainchain Omega dihedral restraints:     334       0      6   4.591   4.591      82.346       1.000
14 Sidechain Chi_1 dihedral restraints:     279       0      1  67.812  67.812      45.865       1.000
15 Sidechain Chi_2 dihedral restraints:     214       0      1  71.338  71.338      70.931       1.000
16 Sidechain Chi_3 dihedral restraints:      84       0      0  74.543  74.543      52.102       1.000
17 Sidechain Chi_4 dihedral restraints:      32       0      0  91.807  91.807      25.296       1.000
18 Disulfide distance restraints      :       0       0      0   0.000   0.000      0.0000       1.000
19 Disulfide angle restraints         :       0       0      0   0.000   0.000      0.0000       1.000
20 Disulfide dihedral angle restraints:       0       0      0   0.000   0.000      0.0000       1.000
21 Lower bound distance restraints    :       0       0      0   0.000   0.000      0.0000       1.000
22 Upper bound distance restraints    :       0       0      0   0.000   0.000      0.0000       1.000
23 Distance restraints 3 (SDCH-MNCH)  :    3144       0      0   0.329   0.329      56.935       1.000
24 Sidechain Chi_5 dihedral restraints:       0       0      0   0.000   0.000      0.0000       1.000
25 Phi/Psi pair of dihedral restraints:     333      21     30  26.007  44.877      6.5314       1.000
26 Distance restraints 4 (SDCH-SDCH)  :    1165       0      0   0.653   0.653      79.062       1.000
27 Distance restraints 5 (X-Y)        :       0       0      0   0.000   0.000      0.0000       1.000
28 NMR distance restraints 6 (X-Y)    :       0       0      0   0.000   0.000      0.0000       1.000
29 NMR distance restraints 7 (X-Y)    :       0       0      0   0.000   0.000      0.0000       1.000
30 Minimal distance restraints        :       0       0      0   0.000   0.000      0.0000       1.000
31 Non-bonded restraints              :       0       0      0   0.000   0.000      0.0000       1.000
32 Atomic accessibility restraints    :       0       0      0   0.000   0.000      0.0000       1.000
33 Atomic density restraints          :       0       0      0   0.000   0.000      0.0000       1.000
34 Absolute position restraints       :       0       0      0   0.000   0.000      0.0000       1.000
35 Dihedral angle difference restraint:       0       0      0   0.000   0.000      0.0000       1.000
36 GBSA implicit solvent potential    :       0       0      0   0.000   0.000      0.0000       1.000
37 EM density fitting potential       :       0       0      0   0.000   0.000      0.0000       1.000
38 SAXS restraints                    :       0       0      0   0.000   0.000      0.0000       1.000
39 Symmetry restraints                :       0       0      0   0.000   0.000      0.0000       1.000



# Heavy relative violation of each residue is written to: TvLDH.V99990004
# The profile is NOT normalized by the number of restraints.
# The profiles are smoothed over a window of residues:    1
# The sum of all numbers in the file:   30051.0820



List of the violated restraints:
   A restraint is violated when the relative difference
   from the best value (RVIOL) is larger than CUTOFF.

   ICSR   ... index of a restraint in the current set.
   RESNO  ... residue numbers of the first two atoms.
   ATM    ... IUPAC atom names of the first two atoms.
   FEAT   ... the value of the feature in the model.
   restr  ... the mean of the basis restraint with the smallest
              difference from the model (local minimum).
   viol   ... difference from the local minimum.
   rviol  ... relative difference from the local minimum.
   RESTR  ... the best value (global minimum).
   VIOL   ... difference from the best value.
   RVIOL  ... relative difference from the best value.


-------------------------------------------------------------------------------------------------

Feature 25                           : Phi/Psi pair of dihedral restraints     
List of the RVIOL violations larger than   :       6.5000

    #   ICSR  RESNO1/2 ATM1/2   INDATM1/2    FEAT   restr    viol   rviol   RESTR    VIOL   RVIOL
    1   9191  31G  32D C   N     225  227  -75.76  -96.50   58.09    2.45  -63.30  100.71   11.73
    1         32D  32D N   CA    227  228   59.94  114.20                  -40.00
    2   9251  91L  92K C   N     687  689 -119.43 -118.00   44.75    2.15  -62.90  146.70   22.43
    2         92K  92K N   CA    689  690 -176.17  139.10                  -40.80
    3   9254  94G  95Q C   N     707  709  -95.16  -73.00   56.73    3.33  -63.80  130.60   20.88
    3         95Q  95Q N   CA    709  710 -167.08  140.70                  -40.30
    4   9256  96V  97R C   N     723  725  -51.18  -72.10   23.42    1.57  -63.00  172.89   24.16
    4         97R  97R N   CA    725  726  131.39  141.90                  -41.10
    5   9257  97R  98A C   N     734  736 -176.39 -134.00   62.20    1.95  -62.50  170.29   33.77
    5         98A  98A N   CA    736  737 -167.50  147.00                  -40.90
    6   9259  99D 100L C   N     747  749  -67.04  -70.70    6.67    0.64  -63.50  171.65   24.04
    6        100L 100L N   CA    749  750  147.18  141.60                  -41.20
    7   9261 101I 102S C   N     763  765 -148.74 -136.60  103.90    5.50  -64.10  118.55    9.68
    7        102S 102S N   CA    765  766   48.01  151.20                  -35.00
    8   9301 141L 142H C   N    1068 1070  -99.38  -63.20   77.77    8.27  -63.20   77.77    8.27
    8        142H 142H N   CA   1070 1071   26.54  -42.30                  -42.30
    9   9303 143A 144K C   N    1083 1085  -55.96  -62.90   31.51    3.77  -70.20  148.75   11.11
    9        144K 144K N   CA   1085 1086  -71.53  -40.80                  140.40
   10   9304 144K 145N C   N    1092 1094  -59.02  -63.20   15.84    2.22   55.90  132.18   16.30
   10        145N 145N N   CA   1094 1095  -25.82  -41.10                   39.50
   11   9314 154L 155S C   N    1172 1174 -130.47  -64.10   82.45    7.56  -64.10   82.45    7.56
   11        155S 155S N   CA   1174 1175   13.93  -35.00                  -35.00
   12   9335 175K 176D C   N    1338 1340  -98.42  -63.30   70.94    7.53  -63.30   70.94    7.53
   12        176D 176D N   CA   1340 1341   21.63  -40.00                  -40.00
   13   9361 201K 202E C   N    1540 1542 -158.68 -117.80   40.93    1.45  -63.60 -157.24   23.47
   13        202E 202E N   CA   1542 1543  138.78  136.80                  -40.30
   14   9363 203G 204K C   N    1553 1555   59.30   56.60    7.98    0.41  -62.90  141.78   24.75
   14        204K 204K N   CA   1555 1556   31.10   38.60                  -40.80
   15   9379 219D 220T C   N    1688 1690 -115.02  -63.20   52.81    8.72  -63.20   52.81    8.72
   15        220T 220T N   CA   1690 1691  -52.22  -42.10                  -42.10
   16   9432 272P 273E C   N    2098 2100  166.48 -117.80   95.57    2.88  -63.60 -179.99   30.59
   16        273E 273E N   CA   2100 2101 -164.89  136.80                  -40.30
   17   9433 273E 274G C   N    2107 2109  -62.65  -80.20   69.20    1.91   82.20  175.26    6.88
   17        274G 274G N   CA   2109 2110  107.16  174.10                    8.50
   18   9434 274G 275N C   N    2111 2113 -144.25  -63.20  101.75   16.67   55.90 -146.11   13.61
   18        275N 275N N   CA   2113 2114 -102.61  -41.10                   39.50
   19   9453 293K 294E C   N    2257 2259   54.76   54.60    6.06    0.45  -63.60  141.01   24.26
   19        294E 294E N   CA   2259 2260   36.35   42.40                  -40.30
   20   9489 329N 330H C   N    2563 2565  -53.04  -67.60   17.09    1.51  -63.20  169.05   20.52
   20        330H 330H N   CA   2565 2566  148.96  140.00                  -42.30
   21   9492 332A 333Q C   N    2586 2588   57.89   55.10   24.33    1.98  -63.80  160.57   29.06
   21        333Q 333Q N   CA   2588 2589   64.47   40.30                  -40.30


report______> Distribution of short non-bonded contacts:


DISTANCE1:  0.00 2.10 2.20 2.30 2.40 2.50 2.60 2.70 2.80 2.90 3.00 3.10 3.20 3.30 3.40
DISTANCE2:  2.10 2.20 2.30 2.40 2.50 2.60 2.70 2.80 2.90 3.00 3.10 3.20 3.30 3.40 3.50
FREQUENCY:     0    0    0    0    0   22   27  159  175  306  269  322  441  411  434


<< end of ENERGY.
>> Model assessment by DOPE potential
iatmcls_286W> MODEL atom not classified:  GLY:OXT  GLY


>> ENERGY; Differences between the model's features and restraints:
Number of all residues in MODEL                   :      335
Number of all, selected real atoms                :     2605    2605
Number of all, selected pseudo atoms              :        0       0
Number of all static, selected restraints         :    28624   28624
COVALENT_CYS                                      :        F
NONBONDED_SEL_ATOMS                               :        1
Number of non-bonded pairs (excluding 1-2,1-3,1-4):   525738
Dynamic pairs routine                             : 1, NATM x NATM double loop
Atomic shift for contacts update (UPDATE_DYNAMIC) :    0.390
LENNARD_JONES_SWITCH                              :    6.500   7.500
COULOMB_JONES_SWITCH                              :    6.500   7.500
RESIDUE_SPAN_RANGE                                :        1    9999
NLOGN_USE                                         :       15
CONTACT_SHELL                                     :   15.000
DYNAMIC_PAIRS,_SPHERE,_COULOMB,_LENNARD,_MODELLER :        T       F       F       F       T
SPHERE_STDV                                       :    0.050
RADII_FACTOR                                      :    0.820
Current energy                                    :      -37869.9141




<< end of ENERGY.
DOPE score               : -37869.914062
>> Model assessment by GA341 potential

Surface library          : /diva1/home/modeller/9v3/modlib/surf5.de
Pair library             : /diva1/home/modeller/9v3/modlib/pair9.de
Chain identifier         : _
% sequence identity      :    42.452999
Sequence length          :          335
Compactness              :     0.332516
Native energy (pair)     :  -272.953560
Native energy (surface)  :   -16.869914
Native energy (combined) :    -8.483105
Z score (pair)           :    -8.159069
Z score (surface)        :    -7.144605
Z score (combined)       :   -10.026419
GA341 score              :     1.000000

iupac_m_397W> Atoms were not swapped because of the uncertainty of how to handle the H atom.
iupac_m_397W> Atoms were not swapped because of the uncertainty of how to handle the H atom.
iupac_m_397W> Atoms were not swapped because of the uncertainty of how to handle the H atom.
iupac_m_397W> Atoms were not swapped because of the uncertainty of how to handle the H atom.
iupac_m_397W> Atoms were not swapped because of the uncertainty of how to handle the H atom.
iupac_m_397W> Atoms were not swapped because of the uncertainty of how to handle the H atom.


>> ENERGY; Differences between the model's features and restraints:
Number of all residues in MODEL                   :      335
Number of all, selected real atoms                :     2605    2605
Number of all, selected pseudo atoms              :        0       0
Number of all static, selected restraints         :    28624   28624
COVALENT_CYS                                      :        F
NONBONDED_SEL_ATOMS                               :        1
Number of non-bonded pairs (excluding 1-2,1-3,1-4):     5587
Dynamic pairs routine                             : 2, NATM x NATM cell sorting
Atomic shift for contacts update (UPDATE_DYNAMIC) :    0.390
LENNARD_JONES_SWITCH                              :    6.500   7.500
COULOMB_JONES_SWITCH                              :    6.500   7.500
RESIDUE_SPAN_RANGE                                :        0   99999
NLOGN_USE                                         :       15
CONTACT_SHELL                                     :    4.000
DYNAMIC_PAIRS,_SPHERE,_COULOMB,_LENNARD,_MODELLER :        T       T       F       F       F
SPHERE_STDV                                       :    0.050
RADII_FACTOR                                      :    0.820
Current energy                                    :        1840.9177





Summary of the restraint violations: 

   NUM     ... number of restraints.
   NUMVI   ... number of restraints with RVIOL > VIOL_REPORT_CUT[i].
   RVIOL   ... relative difference from the best value.
   NUMVP   ... number of restraints with -Ln(pdf) > VIOL_REPORT_CUT2[i].
   RMS_1   ... RMS(feature, minimally_violated_basis_restraint, NUMB).
   RMS_2   ... RMS(feature, best_value, NUMB).
   MOL.PDF ... scaled contribution to -Ln(Molecular pdf).

 #                     RESTRAINT_GROUP      NUM   NUMVI  NUMVP   RMS_1   RMS_2         MOL.PDF     S_i
------------------------------------------------------------------------------------------------------
 1 Bond length potential              :    2671       0      0   0.006   0.006      23.211       1.000
 2 Bond angle potential               :    3625       0      5   2.151   2.151      323.23       1.000
 3 Stereochemical cosine torsion poten:    1743       0     37  46.550  46.550      577.22       1.000
 4 Stereochemical improper torsion pot:    1121       0      0   1.315   1.315      41.616       1.000
 5 Soft-sphere overlap restraints     :    5587       0      0   0.002   0.002      4.0343       1.000
 6 Lennard-Jones 6-12 potential       :       0       0      0   0.000   0.000      0.0000       1.000
 7 Coulomb point-point electrostatic p:       0       0      0   0.000   0.000      0.0000       1.000
 8 H-bonding potential                :       0       0      0   0.000   0.000      0.0000       1.000
 9 Distance restraints 1 (CA-CA)      :    6941       0      4   0.212   0.212      150.63       1.000
10 Distance restraints 2 (N-O)        :    6938       0     12   0.278   0.278      260.11       1.000
11 Mainchain Phi dihedral restraints  :       0       0      0   0.000   0.000      0.0000       1.000
12 Mainchain Psi dihedral restraints  :       0       0      0   0.000   0.000      0.0000       1.000
13 Mainchain Omega dihedral restraints:     334       0      2   4.236   4.236      69.961       1.000
14 Sidechain Chi_1 dihedral restraints:     279       0      1  66.696  66.696      69.034       1.000
15 Sidechain Chi_2 dihedral restraints:     214       0      3  69.271  69.271      86.013       1.000
16 Sidechain Chi_3 dihedral restraints:      84       0      1  68.968  68.968      57.521       1.000
17 Sidechain Chi_4 dihedral restraints:      32       0      1  79.239  79.239      23.876       1.000
18 Disulfide distance restraints      :       0       0      0   0.000   0.000      0.0000       1.000
19 Disulfide angle restraints         :       0       0      0   0.000   0.000      0.0000       1.000
20 Disulfide dihedral angle restraints:       0       0      0   0.000   0.000      0.0000       1.000
21 Lower bound distance restraints    :       0       0      0   0.000   0.000      0.0000       1.000
22 Upper bound distance restraints    :       0       0      0   0.000   0.000      0.0000       1.000
23 Distance restraints 3 (SDCH-MNCH)  :    3144       0      0   0.303   0.303      50.377       1.000
24 Sidechain Chi_5 dihedral restraints:       0       0      0   0.000   0.000      0.0000       1.000
25 Phi/Psi pair of dihedral restraints:     333      24     23  24.342  46.722      7.9590       1.000
26 Distance restraints 4 (SDCH-SDCH)  :    1165       0      0   0.698   0.698      96.114       1.000
27 Distance restraints 5 (X-Y)        :       0       0      0   0.000   0.000      0.0000       1.000
28 NMR distance restraints 6 (X-Y)    :       0       0      0   0.000   0.000      0.0000       1.000
29 NMR distance restraints 7 (X-Y)    :       0       0      0   0.000   0.000      0.0000       1.000
30 Minimal distance restraints        :       0       0      0   0.000   0.000      0.0000       1.000
31 Non-bonded restraints              :       0       0      0   0.000   0.000      0.0000       1.000
32 Atomic accessibility restraints    :       0       0      0   0.000   0.000      0.0000       1.000
33 Atomic density restraints          :       0       0      0   0.000   0.000      0.0000       1.000
34 Absolute position restraints       :       0       0      0   0.000   0.000      0.0000       1.000
35 Dihedral angle difference restraint:       0       0      0   0.000   0.000      0.0000       1.000
36 GBSA implicit solvent potential    :       0       0      0   0.000   0.000      0.0000       1.000
37 EM density fitting potential       :       0       0      0   0.000   0.000      0.0000       1.000
38 SAXS restraints                    :       0       0      0   0.000   0.000      0.0000       1.000
39 Symmetry restraints                :       0       0      0   0.000   0.000      0.0000       1.000



# Heavy relative violation of each residue is written to: TvLDH.V99990005
# The profile is NOT normalized by the number of restraints.
# The profiles are smoothed over a window of residues:    1
# The sum of all numbers in the file:   31537.8145



List of the violated restraints:
   A restraint is violated when the relative difference
   from the best value (RVIOL) is larger than CUTOFF.

   ICSR   ... index of a restraint in the current set.
   RESNO  ... residue numbers of the first two atoms.
   ATM    ... IUPAC atom names of the first two atoms.
   FEAT   ... the value of the feature in the model.
   restr  ... the mean of the basis restraint with the smallest
              difference from the model (local minimum).
   viol   ... difference from the local minimum.
   rviol  ... relative difference from the local minimum.
   RESTR  ... the best value (global minimum).
   VIOL   ... difference from the best value.
   RVIOL  ... relative difference from the best value.


-------------------------------------------------------------------------------------------------

Feature 25                           : Phi/Psi pair of dihedral restraints     
List of the RVIOL violations larger than   :       6.5000

    #   ICSR  RESNO1/2 ATM1/2   INDATM1/2    FEAT   restr    viol   rviol   RESTR    VIOL   RVIOL
    1   9191  31G  32D C   N     225  227  -79.30  -96.50   49.69    2.09  -63.30  108.77   12.54
    1         32D  32D N   CA    227  228   67.59  114.20                  -40.00
    2   9249  89M  90P C   N     672  674  -71.65  -58.70   18.85    1.29  -64.50  164.16   12.63
    2         90P  90P N   CA    674  675  -16.81  -30.50                  147.20
    3   9251  91L  92K C   N     687  689 -141.29 -118.00   39.04    1.47  -62.90  168.16   26.52
    3         92K  92K N   CA    689  690  170.43  139.10                  -40.80
    4   9253  93P  94G C   N     703  705   69.30   78.70   12.09    0.66   82.20  178.26    8.00
    4         94G  94G N   CA    705  706 -173.70 -166.10                    8.50
    5   9254  94G  95Q C   N     707  709  -80.11  -73.00   15.08    0.87  -63.80  166.50   25.35
    5         95Q  95Q N   CA    709  710  154.00  140.70                  -40.30
    6   9257  97R  98A C   N     734  736  -79.70  -68.20   13.42    0.90  -62.50  167.77   28.37
    6         98A  98A N   CA    736  737  152.21  145.30                  -40.90
    7   9258  98A  99D C   N     739  741 -101.99  -96.50   50.58    2.12  -63.30  110.88   11.93
    7         99D  99D N   CA    741  742   63.92  114.20                  -40.00
    8   9259  99D 100L C   N     747  749 -149.39 -108.50   59.59    2.70  -63.50  166.76   28.43
    8        100L 100L N   CA    749  750  175.85  132.50                  -41.20
    9   9261 101I 102S C   N     763  765  -93.73  -72.40   25.77    1.34  -64.10  160.88   13.63
    9        102S 102S N   CA    765  766  166.87  152.40                  -35.00
   10   9301 141L 142H C   N    1068 1070 -100.36  -63.20   80.20    8.53  -63.20   80.20    8.53
   10        142H 142H N   CA   1070 1071   28.76  -42.30                  -42.30
   11   9303 143A 144K C   N    1083 1085  -19.84  -62.90   89.83   10.32  -70.20  111.93    9.12
   11        144K 144K N   CA   1085 1086 -119.64  -40.80                  140.40
   12   9304 144K 145N C   N    1092 1094  -91.40 -119.90   75.38    2.71   55.90  149.88   15.34
   12        145N 145N N   CA   1094 1095   67.21  137.00                   39.50
   13   9314 154L 155S C   N    1172 1174 -129.43  -64.10   78.07    7.47  -64.10   78.07    7.47
   13        155S 155S N   CA   1174 1175    7.74  -35.00                  -35.00
   14   9359 199F 200T C   N    1524 1526   63.13   55.90   34.46    2.96 -124.80 -174.12   11.08
   14        200T 200T N   CA   1526 1527   73.20   39.50                  143.50
   15   9361 201K 202E C   N    1540 1542  -54.24  -69.30   15.48    1.04  -63.60  179.44   24.44
   15        202E 202E N   CA   1542 1543  138.90  142.50                  -40.30
   16   9362 202E 203G C   N    1549 1551   69.36   78.70   52.44    1.12   82.20  123.67    6.64
   16        203G 203G N   CA   1551 1552 -114.50 -166.10                    8.50
   17   9363 203G 204K C   N    1553 1555 -132.97 -118.00   19.91    0.99  -62.90 -179.11   20.86
   17        204K 204K N   CA   1555 1556  125.97  139.10                  -40.80
   18   9431 271V 272P C   N    2091 2093  -76.72  -64.50   33.59    2.00  -58.70  152.09   14.05
   18        272P 272P N   CA   2093 2094  178.48  147.20                  -30.50
   19   9433 273E 274G C   N    2107 2109  -60.28  -62.40    8.94    1.45   82.20  148.27   11.14
   19        274G 274G N   CA   2109 2110  -32.51  -41.20                    8.50
   20   9452 292D 293K C   N    2248 2250  -84.49  -62.90   92.03   10.96  -62.90   92.03   10.96
   20        293K 293K N   CA   2250 2251   48.67  -40.80                  -40.80
   21   9453 293K 294E C   N    2257 2259   47.90   54.60   17.83    0.94  -63.60  149.25   25.46
   21        294E 294E N   CA   2259 2260   58.92   42.40                  -40.30
   22   9489 329N 330H C   N    2563 2565  -50.64  -67.60   18.47    1.58  -63.20  170.82   20.60
   22        330H 330H N   CA   2565 2566  147.34  140.00                  -42.30
   23   9492 332A 333Q C   N    2586 2588  115.28   55.10  103.02    5.34  -63.80  179.10   29.72
   23        333Q 333Q N   CA   2588 2589  -43.32   40.30                  -40.30
   24   9493 333Q 334G C   N    2595 2597   74.05   78.70   84.86    2.23  -62.40  142.24   23.47
   24        334G 334G N   CA   2597 2598  -81.37 -166.10                  -41.20


report______> Distribution of short non-bonded contacts:


DISTANCE1:  0.00 2.10 2.20 2.30 2.40 2.50 2.60 2.70 2.80 2.90 3.00 3.10 3.20 3.30 3.40
DISTANCE2:  2.10 2.20 2.30 2.40 2.50 2.60 2.70 2.80 2.90 3.00 3.10 3.20 3.30 3.40 3.50
FREQUENCY:     0    0    0    0    1   17   24  111  186  273  262  292  430  423  425


<< end of ENERGY.
>> Model assessment by DOPE potential
iatmcls_286W> MODEL atom not classified:  GLY:OXT  GLY


>> ENERGY; Differences between the model's features and restraints:
Number of all residues in MODEL                   :      335
Number of all, selected real atoms                :     2605    2605
Number of all, selected pseudo atoms              :        0       0
Number of all static, selected restraints         :    28624   28624
COVALENT_CYS                                      :        F
NONBONDED_SEL_ATOMS                               :        1
Number of non-bonded pairs (excluding 1-2,1-3,1-4):   523312
Dynamic pairs routine                             : 1, NATM x NATM double loop
Atomic shift for contacts update (UPDATE_DYNAMIC) :    0.390
LENNARD_JONES_SWITCH                              :    6.500   7.500
COULOMB_JONES_SWITCH                              :    6.500   7.500
RESIDUE_SPAN_RANGE                                :        1    9999
NLOGN_USE                                         :       15
CONTACT_SHELL                                     :   15.000
DYNAMIC_PAIRS,_SPHERE,_COULOMB,_LENNARD,_MODELLER :        T       F       F       F       T
SPHERE_STDV                                       :    0.050
RADII_FACTOR                                      :    0.820
Current energy                                    :      -38052.0078




<< end of ENERGY.
DOPE score               : -38052.007812
>> Model assessment by GA341 potential

Surface library          : /diva1/home/modeller/9v3/modlib/surf5.de
Pair library             : /diva1/home/modeller/9v3/modlib/pair9.de
Chain identifier         : _
% sequence identity      :    42.452999
Sequence length          :          335
Compactness              :     0.338172
Native energy (pair)     :  -269.269212
Native energy (surface)  :   -15.438123
Native energy (combined) :    -8.314087
Z score (pair)           :    -7.967370
Z score (surface)        :    -7.026184
Z score (combined)       :    -9.852256
GA341 score              :     1.000000


>> Summary of successfully produced models:
Filename                          molpdf     DOPE score    GA341 score
----------------------------------------------------------------------
TvLDH.B99990001.pdb           1763.56104   -38079.76172        1.00000
TvLDH.B99990002.pdb           1560.93396   -38515.98047        1.00000
TvLDH.B99990003.pdb           1712.44104   -37984.30859        1.00000
TvLDH.B99990004.pdb           1720.70801   -37869.91406        1.00000
TvLDH.B99990005.pdb           1840.91772   -38052.00781        1.00000

Total CPU time [seconds]                                 :     316.35
